2025-06-26 23:25:52,303 - INFO - Страница 1: сохранено 100/100 товаров
2025-06-26 23:25:53,970 - INFO - Страница 2: сохранено 100/100 товаров
2025-06-26 23:25:55,646 - INFO - Страница 3: сохранено 100/100 товаров
2025-06-26 23:26:58,601 - INFO - Страница 1: сохранено 100/100 товаров
2025-06-26 23:27:00,268 - INFO - Страница 2: сохранено 100/100 товаров
2025-06-26 23:27:01,946 - INFO - Страница 3: сохранено 100/100 товаров
2025-06-26 23:43:11,551 - INFO - [31m[1mWARNING: This is a development server. Do not use it in a production deployment. Use a production WSGI server instead.[0m
 * Running on http://127.0.0.1:5000
2025-06-26 23:43:11,552 - INFO - [33mPress CTRL+C to quit[0m
2025-06-26 23:43:11,576 - INFO -  * Restarting with watchdog (windowsapi)
2025-06-26 23:46:55,922 - INFO - Страница 1: сохранено 100/100 товаров
2025-06-26 23:46:57,585 - INFO - Страница 2: сохранено 100/100 товаров
2025-06-26 23:46:59,271 - INFO - Страница 3: сохранено 100/100 товаров
2025-06-26 23:47:00,845 - INFO - [31m[1mWARNING: This is a development server. Do not use it in a production deployment. Use a production WSGI server instead.[0m
 * Running on http://127.0.0.1:5000
2025-06-26 23:47:00,845 - INFO - [33mPress CTRL+C to quit[0m
2025-06-26 23:49:27,120 - INFO - 127.0.0.1 - - [26/Jun/2025 23:49:27] "GET /api/products/ HTTP/1.1" 200 -
2025-06-26 23:49:58,008 - INFO - 127.0.0.1 - - [26/Jun/2025 23:49:58] "GET /api/products/?min_price=25000 HTTP/1.1" 200 -
2025-06-26 23:50:12,026 - INFO - 127.0.0.1 - - [26/Jun/2025 23:50:12] "GET /api/products/?min_rating=4.5 HTTP/1.1" 200 -
2025-06-26 23:50:27,624 - INFO - 127.0.0.1 - - [26/Jun/2025 23:50:27] "GET /api/products/?min_feedbacks=100 HTTP/1.1" 200 -
2025-06-26 23:50:43,969 - INFO - 127.0.0.1 - - [26/Jun/2025 23:50:43] "GET /api/products/?min_price=20000&max_price=30000&min_rating=4 HTTP/1.1" 200 -
2025-06-27 00:02:21,368 - INFO - Страница 1: сохранено 100/100 товаров
2025-06-27 00:02:23,129 - INFO - Страница 2: сохранено 100/100 товаров
2025-06-27 00:02:24,793 - INFO - Страница 3: сохранено 100/100 товаров
2025-06-27 00:02:53,938 - INFO - Страница 1: сохранено 100/100 товаров
2025-06-27 00:02:55,624 - INFO - Страница 2: сохранено 100/100 товаров
2025-06-27 00:02:57,326 - INFO - Страница 3: сохранено 100/100 товаров
2025-06-27 00:02:58,919 - INFO - [31m[1mWARNING: This is a development server. Do not use it in a production deployment. Use a production WSGI server instead.[0m
 * Running on http://127.0.0.1:5000
2025-06-27 00:02:58,920 - INFO - [33mPress CTRL+C to quit[0m
2025-06-27 00:15:24,296 - INFO - Страница 1: сохранено 100/100 товаров
2025-06-27 00:15:25,996 - INFO - Страница 2: сохранено 100/100 товаров
2025-06-27 00:15:27,660 - INFO - Страница 3: сохранено 100/100 товаров
2025-06-27 00:15:49,114 - INFO - [31m[1mWARNING: This is a development server. Do not use it in a production deployment. Use a production WSGI server instead.[0m
 * Running on http://127.0.0.1:5000
2025-06-27 00:15:49,115 - INFO - [33mPress CTRL+C to quit[0m
2025-06-27 00:42:26,933 - ERROR - Exception on /shutdown [POST]
Traceback (most recent call last):
  File "C:\Users\MamleevFN\anaconda3\Lib\site-packages\flask\app.py", line 1511, in wsgi_app
    response = self.full_dispatch_request()
  File "C:\Users\MamleevFN\anaconda3\Lib\site-packages\flask\app.py", line 919, in full_dispatch_request
    rv = self.handle_user_exception(e)
  File "C:\Users\MamleevFN\anaconda3\Lib\site-packages\flask\app.py", line 917, in full_dispatch_request
    rv = self.dispatch_request()
  File "C:\Users\MamleevFN\anaconda3\Lib\site-packages\flask\app.py", line 902, in dispatch_request
    return self.ensure_sync(self.view_functions[rule.endpoint])(**view_args)  # type: ignore[no-any-return]
           ~~~~~~~~~~~~~~~~~~~~~~~~~~~~~~~~~~~~~~~~~~~~~~~~~~~~^^^^^^^^^^^^^
  File "C:\Users\MamleevFN\AppData\Local\Temp\ipykernel_3320\3465386370.py", line 83, in shutdown
    shutdown_server()
    ~~~~~~~~~~~~~~~^^
  File "C:\Users\MamleevFN\AppData\Local\Temp\ipykernel_3320\3465386370.py", line 76, in shutdown_server
    raise RuntimeError('Not running with the Werkzeug Server')
RuntimeError: Not running with the Werkzeug Server
2025-06-27 00:42:26,938 - INFO - 127.0.0.1 - - [27/Jun/2025 00:42:26] "[35m[1mPOST /shutdown HTTP/1.1[0m" 500 -
2025-06-27 00:47:01,620 - INFO - Страница 1: сохранено 100/100 товаров
2025-06-27 00:47:03,285 - INFO - Страница 2: сохранено 100/100 товаров
2025-06-27 00:47:04,951 - INFO - Страница 3: сохранено 100/100 товаров
2025-06-27 08:09:43,610 - INFO - Страница 1: сохранено 100/100 товаров
2025-06-27 08:09:45,307 - INFO - Страница 2: сохранено 100/100 товаров
2025-06-27 08:09:46,966 - INFO - Страница 3: сохранено 100/100 товаров
2025-06-27 08:56:58,131 - INFO - Страница 1: сохранено 100/100 товаров
2025-06-27 08:56:59,810 - INFO - Страница 2: сохранено 100/100 товаров
2025-06-27 08:57:01,515 - INFO - Страница 3: сохранено 100/100 товаров
2025-06-27 08:59:07,577 - INFO - Страница 1: сохранено 100/100 товаров
2025-06-27 08:59:09,249 - INFO - Страница 2: сохранено 100/100 товаров
2025-06-27 08:59:10,914 - INFO - Страница 3: сохранено 100/100 товаров
2025-06-27 09:12:03,488 - INFO - Страница 1: сохранено 100/100 товаров
2025-06-27 09:12:05,219 - INFO - Страница 2: сохранено 100/100 товаров
2025-06-27 09:12:06,950 - INFO - Страница 3: сохранено 100/100 товаров
2025-06-27 09:29:57,285 - INFO - Страница 1: сохранено 100/100 товаров
2025-06-27 09:29:58,955 - INFO - Страница 2: сохранено 100/100 товаров
2025-06-27 09:30:00,641 - INFO - Страница 3: сохранено 100/100 товаров
2025-06-27 10:24:46,862 - INFO - Страница 1: сохранено 100/100 товаров
2025-06-27 10:24:48,531 - INFO - Страница 2: сохранено 100/100 товаров
2025-06-27 10:24:50,210 - INFO - Страница 3: сохранено 100/100 товаров
2025-06-27 10:29:12,617 - INFO - Страница 1: сохранено 100/100 товаров
2025-06-27 10:29:14,296 - INFO - Страница 2: сохранено 100/100 товаров
2025-06-27 10:29:15,962 - INFO - Страница 3: сохранено 100/100 товаров
2025-06-27 10:35:18,332 - INFO - Страница 1: сохранено 100/100 товаров
2025-06-27 10:35:20,014 - INFO - Страница 2: сохранено 100/100 товаров
2025-06-27 10:35:21,676 - INFO - Страница 3: сохранено 100/100 товаров
2025-06-27 10:49:55,847 - INFO - Страница 1: сохранено 100/100 товаров
2025-06-27 10:49:57,502 - INFO - Страница 2: сохранено 100/100 товаров
2025-06-27 10:49:59,157 - INFO - Страница 3: сохранено 100/100 товаров
2025-06-27 11:01:05,805 - INFO - Страница 1: сохранено 100/100 товаров
2025-06-27 11:01:07,465 - INFO - Страница 2: сохранено 100/100 товаров
2025-06-27 11:01:09,171 - INFO - Страница 3: сохранено 100/100 товаров
2025-06-27 11:06:32,530 - INFO - Страница 1: сохранено 100/100 товаров
2025-06-27 11:06:34,186 - INFO - Страница 2: сохранено 100/100 товаров
2025-06-27 11:06:35,844 - INFO - Страница 3: сохранено 100/100 товаров
2025-06-27 11:10:33,159 - INFO - Страница 1: сохранено 100/100 товаров
2025-06-27 11:10:34,822 - INFO - Страница 2: сохранено 100/100 товаров
2025-06-27 11:10:36,561 - INFO - Страница 3: сохранено 100/100 товаров
2025-06-27 11:15:15,895 - INFO - Страница 1: сохранено 100/100 товаров
2025-06-27 11:15:17,597 - INFO - Страница 2: сохранено 100/100 товаров
2025-06-27 11:15:19,252 - INFO - Страница 3: сохранено 100/100 товаров
2025-06-27 11:16:53,877 - INFO - Страница 1: сохранено 100/100 товаров
2025-06-27 11:16:55,567 - INFO - Страница 2: сохранено 100/100 товаров
2025-06-27 11:16:57,257 - INFO - Страница 3: сохранено 100/100 товаров
2025-06-27 11:19:27,621 - INFO - Страница 1: сохранено 100/100 товаров
2025-06-27 11:19:29,285 - INFO - Страница 2: сохранено 100/100 товаров
2025-06-27 11:19:30,950 - INFO - Страница 3: сохранено 100/100 товаров
2025-06-27 11:23:03,100 - INFO - Страница 1: сохранено 100/100 товаров
2025-06-27 11:23:04,764 - INFO - Страница 2: сохранено 100/100 товаров
2025-06-27 11:23:06,440 - INFO - Страница 3: сохранено 100/100 товаров
2025-06-27 11:31:53,134 - INFO - Страница 1: сохранено 100/100 товаров
2025-06-27 11:31:54,811 - INFO - Страница 2: сохранено 100/100 товаров
2025-06-27 11:31:56,518 - INFO - Страница 3: сохранено 100/100 товаров
2025-06-27 11:37:09,143 - INFO - Страница 1: сохранено 100/100 товаров
2025-06-27 11:37:11,813 - INFO - Страница 2: сохранено 100/100 товаров
2025-06-27 11:37:14,468 - INFO - Страница 3: сохранено 100/100 товаров
2025-06-27 11:42:06,325 - INFO - Страница 1: сохранено 100/100 товаров
2025-06-27 11:42:07,990 - INFO - Страница 2: сохранено 100/100 товаров
2025-06-27 11:42:09,675 - INFO - Страница 3: сохранено 100/100 товаров
2025-06-27 11:54:21,719 - INFO - Страница 1: сохранено 100/100 товаров
2025-06-27 11:54:23,382 - INFO - Страница 2: сохранено 100/100 товаров
2025-06-27 11:54:25,042 - INFO - Страница 3: сохранено 100/100 товаров
2025-06-27 11:55:25,933 - INFO - Страница 1: сохранено 100/100 товаров
2025-06-27 11:55:27,595 - INFO - Страница 2: сохранено 100/100 товаров
2025-06-27 11:55:29,266 - INFO - Страница 3: сохранено 100/100 товаров
2025-06-27 14:18:29,693 - INFO - Страница 1: сохранено 100/100 товаров
2025-06-27 14:18:31,400 - INFO - Страница 2: сохранено 100/100 товаров
2025-06-27 14:18:33,162 - INFO - Страница 3: сохранено 100/100 товаров
2025-06-27 14:19:03,615 - INFO - 127.0.0.1 - - [27/Jun/2025 14:19:03] "[35m[1mGET /api/products/?min_price=1000&min_rating=4&per_page=5 HTTP/1.1[0m" 500 -
2025-06-27 14:32:33,407 - INFO - 127.0.0.1 - - [27/Jun/2025 14:32:33] "[35m[1mGET /api/products/?min_price=1000&min_rating=4&per_page=5 HTTP/1.1[0m" 500 -
2025-06-27 14:34:55,235 - INFO - Страница 1: сохранено 100/100 товаров
2025-06-27 14:34:56,883 - INFO - Страница 2: сохранено 100/100 товаров
2025-06-27 14:34:58,542 - INFO - Страница 3: сохранено 100/100 товаров
2025-06-27 14:36:34,268 - INFO - 127.0.0.1 - - [27/Jun/2025 14:36:34] "[35m[1mGET /api/products/?min_price=1000&min_rating=4&per_page=5 HTTP/1.1[0m" 500 -
2025-06-27 14:45:54,660 - INFO - База данных успешно инициализирована
2025-06-27 14:45:54,664 - INFO - Сервер запущен на http://127.0.0.1:5000
2025-06-27 14:45:54,666 - INFO - API готов к работе. Пример запроса: GET /api/products/?min_price=1000
2025-06-27 14:55:42,733 - INFO - Страница 1: сохранено 100/100 товаров
2025-06-27 14:55:44,407 - INFO - Страница 2: сохранено 100/100 товаров
2025-06-27 14:55:46,074 - INFO - Страница 3: сохранено 100/100 товаров
2025-06-27 15:24:11,849 - INFO - Страница 1: сохранено 100/100 товаров
2025-06-27 15:24:13,689 - INFO - Страница 2: сохранено 100/100 товаров
2025-06-27 15:24:15,476 - INFO - Страница 3: сохранено 100/100 товаров
2025-06-27 15:26:32,936 - INFO - 127.0.0.1 - - [27/Jun/2025 15:26:32] "[35m[1mGET /api/products/?min_price=1000&min_rating=4&per_page=5 HTTP/1.1[0m" 500 -
2025-06-27 15:28:14,756 - INFO - Страница 1: сохранено 100/100 товаров
2025-06-27 15:28:16,430 - INFO - Страница 2: сохранено 100/100 товаров
2025-06-27 15:28:18,120 - INFO - Страница 3: сохранено 100/100 товаров
2025-06-27 15:39:32,831 - INFO - 127.0.0.1 - - [27/Jun/2025 15:39:32] "[35m[1mGET /api/products/?min_price=5000&min_rating=4 HTTP/1.1[0m" 500 -
2025-06-27 15:45:42,429 - INFO - Страница 1: сохранено 100/100 товаров
2025-06-27 15:45:45,159 - INFO - Страница 2: сохранено 100/100 товаров
2025-06-27 15:45:46,828 - INFO - Страница 3: сохранено 100/100 товаров
2025-06-27 15:50:50,953 - ERROR - No such comm target registered: jupyter.widget.control
2025-06-27 15:50:50,958 - WARNING - No such comm: 518b78ef-db1c-4f94-8ff5-d8ddc122e702
2025-06-27 15:51:12,825 - INFO - Страница 1: сохранено 100/100 товаров
2025-06-27 15:51:14,501 - INFO - Страница 2: сохранено 100/100 товаров
2025-06-27 15:51:16,196 - INFO - Страница 3: сохранено 100/100 товаров
2025-06-27 15:51:59,272 - INFO - 127.0.0.1 - - [27/Jun/2025 15:51:59] "[35m[1mGET /api/products/?min_price=1000 HTTP/1.1[0m" 500 -
2025-06-27 15:52:28,557 - INFO - 127.0.0.1 - - [27/Jun/2025 15:52:28] "[35m[1mGET /api/products/?min_price=1000&min_rating=4&per_page=5 HTTP/1.1[0m" 500 -
2025-06-27 15:53:53,690 - INFO - 127.0.0.1 - - [27/Jun/2025 15:53:53] "[35m[1mGET /api/products/?min_price=1000&min_rating=4&per_page=5 HTTP/1.1[0m" 500 -
2025-06-27 15:55:05,171 - INFO - 127.0.0.1 - - [27/Jun/2025 15:55:05] "[35m[1mGET /api/products/?min_price=1000&min_rating=4&per_page=5 HTTP/1.1[0m" 500 -
2025-06-27 15:56:15,251 - INFO - 127.0.0.1 - - [27/Jun/2025 15:56:15] "[35m[1mGET /api/products/?min_price=1000&min_rating=4&per_page=5 HTTP/1.1[0m" 500 -
2025-06-27 15:56:24,307 - INFO - 127.0.0.1 - - [27/Jun/2025 15:56:24] "[35m[1mGET /api/products/?min_price=1000 HTTP/1.1[0m" 500 -
2025-06-27 15:56:30,013 - INFO - 127.0.0.1 - - [27/Jun/2025 15:56:30] "[35m[1mGET /api/products/?min_price=1000&min_rating=4&per_page=5 HTTP/1.1[0m" 500 -
2025-06-27 15:56:48,950 - INFO - 127.0.0.1 - - [27/Jun/2025 15:56:48] "[35m[1mGET /api/products/?min_price=5000&min_rating=4 HTTP/1.1[0m" 500 -
2025-06-27 15:56:59,153 - INFO - 127.0.0.1 - - [27/Jun/2025 15:56:59] "[35m[1mGET /api/products/?min_price=5000&min_rating=4 HTTP/1.1[0m" 500 -
2025-06-27 15:57:09,393 - INFO - 127.0.0.1 - - [27/Jun/2025 15:57:09] "[35m[1mGET /api/products/?min_price=5000&min_rating=4 HTTP/1.1[0m" 500 -
2025-06-27 15:57:24,610 - INFO - 127.0.0.1 - - [27/Jun/2025 15:57:24] "[35m[1mGET /api/products/?min_price=5000&min_rating=4 HTTP/1.1[0m" 500 -
2025-06-27 15:57:25,457 - INFO - 127.0.0.1 - - [27/Jun/2025 15:57:25] "[35m[1mGET /api/products/?min_price=5000&min_rating=4 HTTP/1.1[0m" 500 -
2025-06-27 15:57:25,953 - INFO - 127.0.0.1 - - [27/Jun/2025 15:57:25] "[35m[1mGET /api/products/?min_price=5000&min_rating=4 HTTP/1.1[0m" 500 -
2025-06-27 15:57:53,870 - INFO - 127.0.0.1 - - [27/Jun/2025 15:57:53] "POST /shutdown HTTP/1.1" 200 -
2025-06-27 15:58:46,882 - INFO - Страница 1: сохранено 100/100 товаров
2025-06-27 15:58:48,560 - INFO - Страница 2: сохранено 100/100 товаров
2025-06-27 15:58:50,266 - INFO - Страница 3: сохранено 100/100 товаров
2025-06-27 16:08:00,257 - INFO - Страница 1: сохранено 100/100 товаров
2025-06-27 16:08:01,943 - INFO - Страница 2: сохранено 100/100 товаров
2025-06-27 16:08:03,611 - INFO - Страница 3: сохранено 100/100 товаров
2025-06-27 16:32:21,176 - INFO - 127.0.0.1 - - [27/Jun/2025 16:32:21] "[35m[1mGET /api/products/?min_price=5000&min_rating=4 HTTP/1.1[0m" 500 -
2025-06-27 16:32:26,611 - INFO - 127.0.0.1 - - [27/Jun/2025 16:32:26] "[35m[1mGET /api/products/?min_price=5000&min_rating=4 HTTP/1.1[0m" 500 -
2025-06-27 16:32:31,722 - INFO - 127.0.0.1 - - [27/Jun/2025 16:32:31] "[35m[1mGET /api/products/?min_price=5000&min_rating=4 HTTP/1.1[0m" 500 -
2025-06-27 16:32:36,162 - INFO - 127.0.0.1 - - [27/Jun/2025 16:32:36] "[35m[1mGET /api/products/?min_price=5000&min_rating=4 HTTP/1.1[0m" 500 -
2025-06-27 16:32:39,140 - INFO - 127.0.0.1 - - [27/Jun/2025 16:32:39] "[35m[1mGET /api/products/?min_price=5000&min_rating=4 HTTP/1.1[0m" 500 -
2025-06-27 16:32:55,842 - INFO - 127.0.0.1 - - [27/Jun/2025 16:32:55] "[35m[1mGET /api/products/?min_price=10000&min_rating=4 HTTP/1.1[0m" 500 -
2025-06-27 16:33:00,819 - INFO - 127.0.0.1 - - [27/Jun/2025 16:33:00] "[35m[1mGET /api/products/?min_price=100000&min_rating=4 HTTP/1.1[0m" 500 -
2025-06-27 16:33:09,851 - INFO - 127.0.0.1 - - [27/Jun/2025 16:33:09] "[35m[1mGET /api/products/?min_price=100000&min_rating=5 HTTP/1.1[0m" 500 -
2025-06-27 16:33:14,683 - INFO - 127.0.0.1 - - [27/Jun/2025 16:33:14] "[35m[1mGET /api/products/?min_price=1000&min_rating=5 HTTP/1.1[0m" 500 -
2025-06-27 16:33:15,395 - INFO - 127.0.0.1 - - [27/Jun/2025 16:33:15] "[35m[1mGET /api/products/?min_price=1000&min_rating=5 HTTP/1.1[0m" 500 -
2025-06-27 16:33:38,899 - INFO - 127.0.0.1 - - [27/Jun/2025 16:33:38] "[35m[1mGET /api/products/?min_price=10000&min_rating=3 HTTP/1.1[0m" 500 -
2025-06-27 16:33:43,963 - INFO - 127.0.0.1 - - [27/Jun/2025 16:33:43] "[35m[1mGET /api/products/?min_price=10000&min_rating=3 HTTP/1.1[0m" 500 -
2025-06-27 16:33:47,170 - INFO - 127.0.0.1 - - [27/Jun/2025 16:33:47] "[35m[1mGET /api/products/?min_price=10000&min_rating=5 HTTP/1.1[0m" 500 -
2025-06-27 16:34:08,059 - INFO - 127.0.0.1 - - [27/Jun/2025 16:34:08] "[35m[1mGET /api/products/ HTTP/1.1[0m" 500 -
2025-06-27 16:34:54,059 - INFO - 127.0.0.1 - - [27/Jun/2025 16:34:54] "[35m[1mGET /api/products/?min_price=5000&min_rating=4 HTTP/1.1[0m" 500 -
2025-06-27 16:35:02,619 - INFO - 127.0.0.1 - - [27/Jun/2025 16:35:02] "GET /api/products/?min_price=4&min_rating=5000 HTTP/1.1" 200 -
2025-06-27 16:35:10,379 - INFO - 127.0.0.1 - - [27/Jun/2025 16:35:10] "[35m[1mGET /api/products/?min_price=5000&min_rating=4 HTTP/1.1[0m" 500 -
2025-06-27 16:35:19,961 - INFO - 127.0.0.1 - - [27/Jun/2025 16:35:19] "[35m[1mGET /api/products/?min_price=5000&min_rating=4 HTTP/1.1[0m" 500 -
2025-06-27 16:35:25,126 - INFO - 127.0.0.1 - - [27/Jun/2025 16:35:25] "[35m[1mGET /api/products/?min_price=5000&min_rating=4 HTTP/1.1[0m" 500 -
2025-06-27 16:35:32,298 - INFO - 127.0.0.1 - - [27/Jun/2025 16:35:32] "[35m[1mGET /api/products/?min_price=5000&min_rating=4 HTTP/1.1[0m" 500 -
2025-06-27 16:35:38,996 - INFO - 127.0.0.1 - - [27/Jun/2025 16:35:38] "[35m[1mGET /api/products/?min_price=5000&min_rating=4 HTTP/1.1[0m" 500 -
2025-06-27 16:36:17,785 - INFO - 127.0.0.1 - - [27/Jun/2025 16:36:17] "[35m[1mGET /api/products/?min_price=5000&min_rating=4 HTTP/1.1[0m" 500 -
2025-06-27 16:37:00,842 - INFO - 127.0.0.1 - - [27/Jun/2025 16:37:00] "[35m[1mGET /api/products/?min_price=5000&min_rating=4 HTTP/1.1[0m" 500 -
2025-06-27 16:37:25,531 - INFO - 127.0.0.1 - - [27/Jun/2025 16:37:25] "[35m[1mGET /api/products/?min_price=5000&min_rating=4 HTTP/1.1[0m" 500 -
2025-06-27 21:44:33,565 - INFO - Страница 1: сохранено 100/100 товаров
2025-06-27 21:44:35,259 - INFO - Страница 2: сохранено 100/100 товаров
2025-06-27 21:44:36,959 - INFO - Страница 3: сохранено 100/100 товаров
2025-06-27 22:12:15,627 - INFO - Страница 1: сохранено 100/100 товаров
2025-06-27 22:12:17,308 - INFO - Страница 2: сохранено 100/100 товаров
2025-06-27 22:12:18,997 - INFO - Страница 3: сохранено 100/100 товаров
2025-06-27 22:17:15,261 - INFO - Страница 1: сохранено 100/100 товаров
2025-06-27 22:17:16,988 - INFO - Страница 2: сохранено 100/100 товаров
2025-06-27 22:17:18,702 - INFO - Страница 3: сохранено 100/100 товаров
2025-06-27 22:20:21,947 - INFO - [31m[1mWARNING: This is a development server. Do not use it in a production deployment. Use a production WSGI server instead.[0m
 * Running on http://127.0.0.1:5000
2025-06-27 22:20:21,947 - INFO - [33mPress CTRL+C to quit[0m
2025-06-27 22:20:21,960 - INFO -  * Restarting with watchdog (windowsapi)
2025-06-27 22:27:52,159 - INFO - Страница 1: сохранено 100/100 товаров
2025-06-27 22:27:53,839 - INFO - Страница 2: сохранено 100/100 товаров
2025-06-27 22:27:55,535 - INFO - Страница 3: сохранено 100/100 товаров
2025-06-27 22:40:34,640 - INFO - Страница 1: сохранено 100/100 товаров
2025-06-27 22:40:36,321 - INFO - Страница 2: сохранено 100/100 товаров
2025-06-27 22:40:38,120 - INFO - Страница 3: сохранено 100/100 товаров
2025-06-27 22:48:19,595 - INFO - Страница 1: сохранено 100/100 товаров
2025-06-27 22:48:21,262 - INFO - Страница 2: сохранено 100/100 товаров
2025-06-27 22:48:22,933 - INFO - Страница 3: сохранено 100/100 товаров
2025-06-27 23:03:51,488 - INFO - Страница 1: сохранено 100/100 товаров
2025-06-27 23:03:53,213 - INFO - Страница 2: сохранено 100/100 товаров
2025-06-27 23:03:54,899 - INFO - Страница 3: сохранено 100/100 товаров
2025-06-27 23:39:50,194 - INFO - Страница 1: сохранено 100/100 товаров
2025-06-27 23:39:51,868 - INFO - Страница 2: сохранено 100/100 товаров
2025-06-27 23:39:53,578 - INFO - Страница 3: сохранено 100/100 товаров
2025-06-27 23:41:25,104 - INFO - [31m[1mWARNING: This is a development server. Do not use it in a production deployment. Use a production WSGI server instead.[0m
 * Running on http://127.0.0.1:5000
2025-06-27 23:41:25,105 - INFO - [33mPress CTRL+C to quit[0m
2025-06-27 23:41:25,117 - INFO -  * Restarting with watchdog (windowsapi)
2025-06-28 00:04:46,704 - INFO - 127.0.0.1 - - [28/Jun/2025 00:04:46] "[35m[1mGET /api/products/?min_price=5000 HTTP/1.1[0m" 500 -
2025-06-28 00:09:16,662 - INFO - 127.0.0.1 - - [28/Jun/2025 00:09:16] "[35m[1mGET /api/products/?min_price=5000 HTTP/1.1[0m" 500 -
2025-06-28 00:13:43,908 - INFO - 127.0.0.1 - - [28/Jun/2025 00:13:43] "[35m[1mGET /api/products/?min_price=5000 HTTP/1.1[0m" 500 -
2025-06-28 00:30:15,865 - INFO - 127.0.0.1 - - [28/Jun/2025 00:30:15] "[35m[1mGET /api/products/?min_price=5000 HTTP/1.1[0m" 500 -
2025-06-28 00:34:56,467 - INFO - 127.0.0.1 - - [28/Jun/2025 00:34:56] "[35m[1mGET /api/products/?min_price=5000 HTTP/1.1[0m" 500 -
2025-06-28 00:59:12,680 - INFO - [31m[1mWARNING: This is a development server. Do not use it in a production deployment. Use a production WSGI server instead.[0m
 * Running on all addresses (0.0.0.0)
 * Running on http://127.0.0.1:5000
 * Running on http://192.168.0.101:5000
2025-06-28 00:59:12,681 - INFO - [33mPress CTRL+C to quit[0m
2025-06-28 00:59:12,682 - INFO -  * Restarting with watchdog (windowsapi)
2025-06-28 10:40:54,347 - ERROR - No such comm target registered: jupyter.widget.control
2025-06-28 10:40:54,360 - WARNING - No such comm: 4ee30ba0-e3be-4e77-92ba-4a333cbe57d8
2025-06-28 11:27:48,383 - INFO - 127.0.0.1 - - [28/Jun/2025 11:27:48] "[35m[1mGET /api/products/?min_price=20000&min_rating=4 HTTP/1.1[0m" 500 -
2025-06-28 11:27:48,401 - ERROR - No such comm target registered: jupyter.widget.control
2025-06-28 11:27:48,405 - WARNING - No such comm: 087ac09e-adca-4c1c-8c38-40f302ab1a33
2025-06-28 11:28:13,576 - INFO - Страница 1: сохранено 100/100 товаров
2025-06-28 11:28:15,370 - INFO - Страница 2: сохранено 100/100 товаров
2025-06-28 11:28:17,022 - INFO - Страница 3: сохранено 100/100 товаров
2025-06-28 11:28:40,985 - INFO - Страница 1: сохранено 100/100 товаров
2025-06-28 11:28:42,668 - INFO - Страница 2: сохранено 100/100 товаров
2025-06-28 11:28:44,322 - INFO - Страница 3: сохранено 100/100 товаров
2025-06-28 12:12:33,530 - INFO - Страница 1: сохранено 100/100 товаров
2025-06-28 12:12:35,208 - INFO - Страница 2: сохранено 100/100 товаров
2025-06-28 12:12:36,902 - INFO - Страница 3: сохранено 100/100 товаров
2025-06-28 12:13:19,828 - INFO - Страница 1: сохранено 100/100 товаров
2025-06-28 12:13:21,521 - INFO - Страница 2: сохранено 100/100 товаров
2025-06-28 12:13:23,221 - INFO - Страница 3: сохранено 100/100 товаров
2025-06-28 12:18:37,680 - INFO - Страница 1: сохранено 100/100 товаров
2025-06-28 12:18:39,375 - INFO - Страница 2: сохранено 100/100 товаров
2025-06-28 12:18:41,071 - INFO - Страница 3: сохранено 100/100 товаров
2025-06-28 12:19:04,258 - INFO - Страница 1: сохранено 100/100 товаров
2025-06-28 12:19:05,911 - INFO - Страница 2: сохранено 100/100 товаров
2025-06-28 12:19:07,588 - INFO - Страница 3: сохранено 100/100 товаров
2025-06-28 12:24:56,817 - INFO - Страница 1: сохранено 100/100 товаров
2025-06-28 12:24:58,486 - INFO - Страница 2: сохранено 100/100 товаров
2025-06-28 12:25:00,157 - INFO - Страница 3: сохранено 100/100 товаров
2025-06-28 12:25:29,581 - INFO - Страница 1: сохранено 100/100 товаров
2025-06-28 12:25:31,247 - INFO - Страница 2: сохранено 100/100 товаров
2025-06-28 12:25:33,021 - INFO - Страница 3: сохранено 100/100 товаров
2025-06-28 12:42:55,757 - INFO - Страница 1: сохранено 100/100 товаров
2025-06-28 12:42:57,446 - INFO - Страница 2: сохранено 100/100 товаров
2025-06-28 12:42:59,113 - INFO - Страница 3: сохранено 100/100 товаров
2025-06-28 12:43:55,654 - INFO - Страница 1: сохранено 100/100 товаров
2025-06-28 12:43:57,393 - INFO - Страница 2: сохранено 100/100 товаров
2025-06-28 12:43:59,107 - INFO - Страница 3: сохранено 100/100 товаров
2025-06-28 12:46:33,449 - INFO - Страница 1: сохранено 100/100 товаров
2025-06-28 12:46:35,166 - INFO - Страница 2: сохранено 100/100 товаров
2025-06-28 12:46:36,859 - INFO - Страница 3: сохранено 100/100 товаров
2025-06-28 12:47:13,693 - INFO - Страница 1: сохранено 100/100 товаров
2025-06-28 12:47:15,462 - INFO - Страница 2: сохранено 100/100 товаров
2025-06-28 12:47:17,145 - INFO - Страница 3: сохранено 100/100 товаров
2025-06-28 12:47:34,818 - INFO - Страница 1: сохранено 100/100 товаров
2025-06-28 12:47:36,484 - INFO - Страница 2: сохранено 100/100 товаров
2025-06-28 12:47:38,145 - INFO - Страница 3: сохранено 100/100 товаров
2025-06-28 12:51:36,494 - INFO - Страница 1: сохранено 100/100 товаров
2025-06-28 12:51:38,161 - INFO - Страница 2: сохранено 100/100 товаров
2025-06-28 12:51:39,829 - INFO - Страница 3: сохранено 100/100 товаров
2025-06-28 12:52:19,784 - INFO - Страница 1: сохранено 100/100 товаров
2025-06-28 12:52:21,492 - INFO - Страница 2: сохранено 100/100 товаров
2025-06-28 12:52:23,239 - INFO - Страница 3: сохранено 100/100 товаров
2025-06-28 12:54:37,578 - INFO - Страница 1: сохранено 100/100 товаров
2025-06-28 12:54:39,247 - INFO - Страница 2: сохранено 100/100 товаров
2025-06-28 12:54:40,904 - INFO - Страница 3: сохранено 100/100 товаров
2025-06-28 12:55:09,379 - INFO - Страница 1: сохранено 100/100 товаров
2025-06-28 12:55:11,095 - INFO - Страница 2: сохранено 100/100 товаров
2025-06-28 12:55:12,784 - INFO - Страница 3: сохранено 100/100 товаров
2025-06-28 13:08:28,694 - INFO - Страница 1: сохранено 100/100 товаров
2025-06-28 13:08:30,402 - INFO - Страница 2: сохранено 100/100 товаров
2025-06-28 13:08:32,093 - INFO - Страница 3: сохранено 100/100 товаров
2025-06-28 13:09:16,054 - INFO - Страница 1: сохранено 100/100 товаров
2025-06-28 13:09:17,730 - INFO - Страница 2: сохранено 100/100 товаров
2025-06-28 13:09:19,415 - INFO - Страница 3: сохранено 100/100 товаров
2025-06-28 15:18:29,210 - ERROR - No such comm target registered: jupyter.widget.control
2025-06-28 15:18:29,216 - WARNING - No such comm: a0d162e8-755b-44dc-85b0-f773ea044362
2025-06-28 15:18:30,162 - ERROR - No such comm target registered: jupyter.widget.control
2025-06-28 15:18:30,168 - WARNING - No such comm: 6a20cc13-f5b0-45c5-99ed-94abd87d7283
2025-06-28 16:04:18,148 - ERROR - No such comm target registered: jupyter.widget.control
2025-06-28 16:04:18,152 - WARNING - No such comm: 240f537f-e8f2-440f-8563-6ee0228dae85
2025-06-28 16:04:18,181 - ERROR - No such comm target registered: jupyter.widget.control
2025-06-28 16:04:18,186 - WARNING - No such comm: 8a8bff40-e16c-4d48-9bd8-040dc176151b
2025-06-28 16:44:53,105 - INFO - [31m[1mWARNING: This is a development server. Do not use it in a production deployment. Use a production WSGI server instead.[0m
 * Running on http://127.0.0.1:5000
2025-06-28 16:44:53,106 - INFO - [33mPress CTRL+C to quit[0m
2025-06-28 16:44:53,126 - INFO -  * Restarting with watchdog (windowsapi)
2025-06-28 16:55:45,557 - INFO - Страница 1: сохранено 100/100 товаров
2025-06-28 16:55:47,331 - INFO - Страница 2: сохранено 100/100 товаров
2025-06-28 16:55:49,112 - INFO - Страница 3: сохранено 100/100 товаров
2025-06-28 16:59:38,400 - INFO - Страница 1: сохранено 100/100 товаров
2025-06-28 16:59:40,065 - INFO - Страница 2: сохранено 100/100 товаров
2025-06-28 16:59:41,754 - INFO - Страница 3: сохранено 100/100 товаров
2025-06-28 17:07:32,812 - INFO - Страница 1: сохранено 100 товаров
2025-06-28 17:07:34,541 - INFO - Страница 2: сохранено 100 товаров
2025-06-28 17:07:36,249 - INFO - Страница 3: сохранено 100 товаров
2025-06-28 17:43:09,057 - INFO - Страница 1: сохранено 100/100 товаров
2025-06-28 17:43:10,709 - INFO - Страница 2: сохранено 100/100 товаров
2025-06-28 17:43:12,356 - INFO - Страница 3: сохранено 100/100 товаров
2025-06-28 17:43:34,870 - INFO - Страница 1: сохранено 100/100 товаров
2025-06-28 17:43:36,526 - INFO - Страница 2: сохранено 100/100 товаров
2025-06-28 17:43:38,212 - INFO - Страница 3: сохранено 100/100 товаров
2025-06-28 17:46:38,360 - INFO - Страница 1: сохранено 100/100 товаров
2025-06-28 17:46:40,003 - INFO - Страница 2: сохранено 100/100 товаров
2025-06-28 17:46:41,652 - INFO - Страница 3: сохранено 100/100 товаров
2025-06-28 17:47:41,507 - INFO - Страница 1: сохранено 100/100 товаров
2025-06-28 17:47:43,208 - INFO - Страница 2: сохранено 100/100 товаров
2025-06-28 17:47:44,884 - INFO - Страница 3: сохранено 100/100 товаров
2025-06-28 17:48:29,967 - INFO - Страница 1: сохранено 100/100 товаров
2025-06-28 17:48:31,612 - INFO - Страница 2: сохранено 100/100 товаров
2025-06-28 17:48:33,253 - INFO - Страница 3: сохранено 100/100 товаров
2025-06-28 17:49:08,695 - INFO - Страница 1: сохранено 100/100 товаров
2025-06-28 17:49:10,332 - INFO - Страница 2: сохранено 100/100 товаров
2025-06-28 17:49:12,126 - INFO - Страница 3: сохранено 100/100 товаров
2025-06-28 17:50:27,834 - INFO - Страница 1: сохранено 100/100 товаров
2025-06-28 17:50:29,478 - INFO - Страница 2: сохранено 100/100 товаров
2025-06-28 17:50:31,188 - INFO - Страница 3: сохранено 100/100 товаров
2025-06-28 17:51:13,449 - INFO - Страница 1: сохранено 2/2 товаров
2025-06-28 17:51:15,141 - INFO - Страница 2: сохранено 100/100 товаров
2025-06-28 17:51:16,823 - INFO - Страница 3: сохранено 100/100 товаров
2025-06-28 17:52:33,532 - INFO - Страница 1: сохранено 56/56 товаров
2025-06-28 17:52:35,278 - INFO - Страница 2: сохранено 100/100 товаров
2025-06-28 17:52:36,964 - INFO - Страница 3: сохранено 100/100 товаров
2025-06-28 17:52:49,260 - INFO - Страница 1: сохранено 56/56 товаров
2025-06-28 17:52:50,916 - INFO - Страница 2: сохранено 100/100 товаров
2025-06-28 17:52:52,587 - INFO - Страница 3: сохранено 100/100 товаров
2025-06-28 17:53:12,859 - INFO - Страница 1: сохранено 100/100 товаров
2025-06-28 17:53:14,565 - INFO - Страница 2: сохранено 100/100 товаров
2025-06-28 17:53:16,301 - INFO - Страница 3: сохранено 86/86 товаров
2025-06-28 17:53:39,490 - INFO - Страница 1: сохранено 9/9 товаров
2025-06-28 17:53:41,191 - INFO - Страница 2: сохранено 100/100 товаров
2025-06-28 17:53:42,900 - INFO - Страница 3: сохранено 100/100 товаров
2025-06-28 17:54:19,771 - INFO - Страница 1: сохранено 100/100 товаров
2025-06-28 17:54:21,401 - INFO - Страница 2: сохранено 100/100 товаров
2025-06-28 17:54:23,267 - INFO - Страница 3: сохранено 100/100 товаров
2025-06-28 17:54:59,320 - INFO - Страница 1: сохранено 100/100 товаров
2025-06-28 17:55:00,946 - INFO - Страница 2: сохранено 93/93 товаров
2025-06-28 17:55:55,171 - INFO - Страница 1: сохранено 100/100 товаров
2025-06-28 17:55:56,869 - INFO - Страница 2: сохранено 100/100 товаров
2025-06-28 17:55:58,553 - INFO - Страница 3: сохранено 100/100 товаров
2025-06-28 17:56:27,701 - INFO - Страница 1: сохранено 100/100 товаров
2025-06-28 17:56:29,323 - INFO - Страница 2: сохранено 100/100 товаров
2025-06-28 17:56:30,938 - INFO - Страница 3: сохранено 38/38 товаров
2025-06-28 17:56:57,113 - INFO - Страница 1: сохранено 100/100 товаров
2025-06-28 17:56:58,792 - INFO - Страница 2: сохранено 100/100 товаров
2025-06-28 17:57:00,456 - INFO - Страница 3: сохранено 100/100 товаров
2025-06-28 17:57:22,353 - INFO - Страница 1: сохранено 100/100 товаров
2025-06-28 17:57:24,015 - INFO - Страница 2: сохранено 100/100 товаров
2025-06-28 17:57:25,684 - INFO - Страница 3: сохранено 100/100 товаров
2025-06-28 17:57:48,902 - INFO - Страница 1: сохранено 100/100 товаров
2025-06-28 17:57:50,554 - INFO - Страница 2: сохранено 100/100 товаров
2025-06-28 17:57:52,207 - INFO - Страница 3: сохранено 100/100 товаров
2025-06-28 17:58:21,937 - INFO - Страница 1: сохранено 2/2 товаров
2025-06-28 17:58:23,582 - INFO - Страница 2: сохранено 100/100 товаров
2025-06-28 17:58:25,243 - INFO - Страница 3: сохранено 100/100 товаров
2025-06-28 18:01:11,043 - INFO - Страница 1: сохранено 100/100 товаров
2025-06-28 18:01:12,744 - INFO - Страница 2: сохранено 100/100 товаров
2025-06-28 18:01:14,398 - INFO - Страница 3: сохранено 100/100 товаров
2025-06-28 18:01:39,618 - INFO - Страница 1: сохранено 2/2 товаров
2025-06-28 18:02:38,440 - INFO - Страница 1: сохранено 100/100 товаров
2025-06-28 18:02:40,091 - INFO - Страница 2: сохранено 100/100 товаров
2025-06-28 18:02:41,758 - INFO - Страница 3: сохранено 100/100 товаров
2025-06-28 18:03:11,453 - INFO - Страница 1: сохранено 100/100 товаров
2025-06-28 18:03:13,102 - INFO - Страница 2: сохранено 100/100 товаров
2025-06-28 18:03:14,774 - INFO - Страница 3: сохранено 100/100 товаров
2025-06-28 18:03:48,144 - INFO - Страница 1: сохранено 33/33 товаров
2025-06-28 18:04:19,777 - INFO - Страница 1: сохранено 100/100 товаров
2025-06-28 18:04:21,427 - INFO - Страница 2: сохранено 100/100 товаров
2025-06-28 18:04:23,065 - INFO - Страница 3: сохранено 63/63 товаров
2025-06-28 18:04:47,464 - INFO - Страница 1: сохранено 100/100 товаров
2025-06-28 18:04:49,158 - INFO - Страница 2: сохранено 100/100 товаров
2025-06-28 18:04:50,804 - INFO - Страница 3: сохранено 100/100 товаров
2025-06-28 18:05:14,543 - INFO - Страница 1: сохранено 88/88 товаров
2025-06-28 18:06:57,798 - INFO - Страница 1: сохранено 100/100 товаров
2025-06-28 18:06:59,476 - INFO - Страница 2: сохранено 100/100 товаров
2025-06-28 18:07:01,126 - INFO - Страница 3: сохранено 100/100 товаров
2025-06-28 18:07:37,987 - INFO - Страница 1: сохранено 100/100 товаров
2025-06-28 18:07:39,680 - INFO - Страница 2: сохранено 100/100 товаров
2025-06-28 18:07:41,356 - INFO - Страница 3: сохранено 100/100 товаров
2025-06-28 18:27:08,539 - INFO - РЎС‚СЂР°РЅРёС†Р° 1: СЃРѕС…СЂР°РЅРµРЅРѕ 100 С‚РѕРІР°СЂРѕРІ
2025-06-28 18:27:08,874 - INFO - РЎС‚СЂР°РЅРёС†Р° 2: СЃРѕС…СЂР°РЅРµРЅРѕ 100 С‚РѕРІР°СЂРѕРІ
2025-06-28 18:27:09,462 - INFO - РЎС‚СЂР°РЅРёС†Р° 3: СЃРѕС…СЂР°РЅРµРЅРѕ 100 С‚РѕРІР°СЂРѕРІ
2025-06-28 18:27:09,476 - ERROR - РћС€РёР±РєР° СЌРєСЃРїРѕСЂС‚Р° РІ Excel: ExcelWriter.__new__() got an unexpected keyword argument 'options'
2025-06-28 18:27:09,477 - CRITICAL - РљСЂРёС‚РёС‡РµСЃРєР°СЏ РѕС€РёР±РєР°: ExcelWriter.__new__() got an unexpected keyword argument 'options'
Traceback (most recent call last):
  File "C:\Users\MamleevFN\AppData\Local\Temp\ipykernel_18884\846737931.py", line 283, in <module>
    main()
    ~~~~^^
  File "C:\Users\MamleevFN\AppData\Local\Temp\ipykernel_18884\846737931.py", line 270, in main
    export_to_excel(df, excel_file)
    ~~~~~~~~~~~~~~~^^^^^^^^^^^^^^^^
  File "C:\Users\MamleevFN\AppData\Local\Temp\ipykernel_18884\846737931.py", line 226, in export_to_excel
    with pd.ExcelWriter(
         ~~~~~~~~~~~~~~^
        filename,
        ^^^^^^^^^
    ...<2 lines>...
        options={'strings_to_urls': False}
        ^^^^^^^^^^^^^^^^^^^^^^^^^^^^^^^^^^
    ) as writer:
    ^
TypeError: ExcelWriter.__new__() got an unexpected keyword argument 'options'
2025-06-28 18:31:15,789 - INFO - РЎС‚СЂР°РЅРёС†Р° 2: СЃРѕС…СЂР°РЅРµРЅРѕ 100 С‚РѕРІР°СЂРѕРІ
2025-06-28 18:31:15,797 - INFO - РЎС‚СЂР°РЅРёС†Р° 3: СЃРѕС…СЂР°РЅРµРЅРѕ 100 С‚РѕРІР°СЂРѕРІ
2025-06-28 18:31:15,942 - INFO - РЎС‚СЂР°РЅРёС†Р° 1: СЃРѕС…СЂР°РЅРµРЅРѕ 100 С‚РѕРІР°СЂРѕРІ
2025-06-28 18:31:15,947 - ERROR - РћС€РёР±РєР° СЌРєСЃРїРѕСЂС‚Р° РІ Excel: No module named 'xlsxwriter'
2025-06-28 18:38:47,917 - INFO - РЎС‚СЂР°РЅРёС†Р° 3: СЃРѕС…СЂР°РЅРµРЅРѕ 100 С‚РѕРІР°СЂРѕРІ
2025-06-28 18:38:48,278 - INFO - РЎС‚СЂР°РЅРёС†Р° 2: СЃРѕС…СЂР°РЅРµРЅРѕ 100 С‚РѕРІР°СЂРѕРІ
2025-06-28 18:38:48,402 - INFO - РЎС‚СЂР°РЅРёС†Р° 1: СЃРѕС…СЂР°РЅРµРЅРѕ 100 С‚РѕРІР°СЂРѕРІ
2025-06-28 18:38:48,481 - ERROR - РћС€РёР±РєР° СЌРєСЃРїРѕСЂС‚Р° РІ Excel: 'XlsxWriter' object has no attribute 'save'
2025-06-28 18:49:04,997 - INFO - Страница 1: сохранено 100/100 товаров
2025-06-28 18:49:06,677 - INFO - Страница 2: сохранено 100/100 товаров
2025-06-28 18:49:08,489 - INFO - Страница 3: сохранено 100/100 товаров
2025-06-28 18:49:42,539 - INFO - Страница 1: сохранено 100/100 товаров
2025-06-28 18:49:44,233 - INFO - Страница 2: сохранено 100/100 товаров
2025-06-28 18:49:45,944 - INFO - Страница 3: сохранено 100/100 товаров
2025-06-28 20:36:12,746 - ERROR - No such comm target registered: jupyter.widget.control
2025-06-28 20:36:12,752 - WARNING - No such comm: 36e6442c-0bd8-49c1-91bf-ad50833d9f69
2025-06-28 20:36:12,907 - ERROR - No such comm target registered: jupyter.widget.control
2025-06-28 20:36:12,915 - WARNING - No such comm: dca56aa4-b593-4395-8670-64c4ebf37c5a
2025-06-28 20:37:52,623 - INFO - 127.0.0.1 - - [28/Jun/2025 20:37:52] "[35m[1mGET /api/products/?min_price=20000&min_rating=4 HTTP/1.1[0m" 500 -
2025-06-28 20:38:13,793 - INFO - Страница 1: сохранено 100/100 товаров
2025-06-28 20:38:15,444 - INFO - Страница 2: сохранено 100/100 товаров
2025-06-28 20:38:17,101 - INFO - Страница 3: сохранено 100/100 товаров
2025-06-28 20:38:49,267 - INFO - Страница 1: сохранено 100/100 товаров
2025-06-28 20:38:50,959 - INFO - Страница 2: сохранено 100/100 товаров
2025-06-28 20:38:52,618 - INFO - Страница 3: сохранено 100/100 товаров
2025-06-29 10:58:38,166 - ERROR - No such comm target registered: jupyter.widget.control
2025-06-29 10:58:38,171 - WARNING - No such comm: d868806a-c955-4080-9c38-8139c721c36b
2025-06-29 10:58:54,452 - INFO - Страница 1: сохранено 100/100 товаров
2025-06-29 10:58:56,162 - INFO - Страница 2: сохранено 100/100 товаров
2025-06-29 10:58:57,847 - INFO - Страница 3: сохранено 100/100 товаров
2025-06-29 10:59:28,648 - INFO - Страница 1: сохранено 100/100 товаров
2025-06-29 10:59:30,345 - INFO - Страница 2: сохранено 100/100 товаров
2025-06-29 10:59:32,005 - INFO - Страница 3: сохранено 100/100 товаров
2025-06-29 11:01:13,481 - ERROR - No such comm target registered: jupyter.widget.control
2025-06-29 11:01:13,485 - WARNING - No such comm: 4003b54b-385c-447c-a310-6db409d17f2c
2025-06-29 12:02:58,625 - INFO - Страница 1: сохранено 100/100 товаров
2025-06-29 12:03:00,288 - INFO - Страница 2: сохранено 100/100 товаров
2025-06-29 12:03:01,942 - INFO - Страница 3: сохранено 100/100 товаров
2025-06-29 12:03:24,210 - INFO - Страница 1: сохранено 100/100 товаров
2025-06-29 12:03:26,142 - INFO - Страница 2: сохранено 100/100 товаров
2025-06-29 12:03:27,793 - INFO - Страница 3: сохранено 100/100 товаров
2025-06-29 12:19:58,601 - INFO - Страница 1: сохранено 23/23 товаров
2025-06-29 12:20:00,343 - INFO - Страница 2: сохранено 100/100 товаров
2025-06-29 12:20:02,084 - INFO - Страница 3: сохранено 100/100 товаров
2025-06-29 12:20:41,812 - INFO - Страница 1: сохранено 23/23 товаров
2025-06-29 12:20:43,515 - INFO - Страница 2: сохранено 100/100 товаров
2025-06-29 12:20:45,179 - INFO - Страница 3: сохранено 100/100 товаров
2025-06-29 12:22:08,803 - INFO - Страница 1: сохранено 100/100 товаров
2025-06-29 12:22:10,482 - INFO - Страница 2: сохранено 100/100 товаров
2025-06-29 12:22:12,135 - INFO - Страница 3: сохранено 100/100 товаров
2025-06-29 13:11:24,894 - INFO - Страница 1: сохранено 100/100 товаров
2025-06-29 13:11:26,595 - INFO - Страница 2: сохранено 100/100 товаров
2025-06-29 13:11:28,324 - INFO - Страница 3: сохранено 100/100 товаров
2025-06-29 13:13:01,087 - INFO - Страница 1: сохранено 200/200 товаров
2025-06-29 13:13:02,811 - INFO - Страница 2: сохранено 200/200 товаров
2025-06-29 13:13:04,514 - INFO - Страница 3: сохранено 200/200 товаров
2025-06-29 13:13:38,796 - INFO - Страница 1: сохранено 100/100 товаров
2025-06-29 13:13:40,585 - INFO - Страница 2: сохранено 100/100 товаров
2025-06-29 13:13:42,278 - INFO - Страница 3: сохранено 100/100 товаров
2025-06-29 15:22:13,056 - ERROR - No such comm target registered: jupyter.widget.control
2025-06-29 15:22:13,057 - ERROR - No such comm target registered: jupyter.widget.control
2025-06-29 15:22:13,060 - WARNING - No such comm: 92298c9a-e4f2-496d-9b56-ccf8250c2ed1
2025-06-29 15:22:13,063 - WARNING - No such comm: 30c4eea3-e67e-4463-bbce-62bcb54b7728
2025-06-29 15:59:53,379 - INFO - Страница 1: сохранено 100/100 товаров
2025-06-29 15:59:55,035 - INFO - Страница 2: сохранено 100/100 товаров
2025-06-29 15:59:56,700 - INFO - Страница 3: сохранено 100/100 товаров
2025-06-29 16:00:12,381 - INFO - Страница 1: сохранено 100/100 товаров
2025-06-29 16:00:14,071 - INFO - Страница 2: сохранено 100/100 товаров
2025-06-29 16:00:15,739 - INFO - Страница 3: сохранено 100/100 товаров
